<?xml version="1.0" encoding="UTF-8"?>
<!-- Generated by org.testng.reporters.JUnitReportReporter -->
<testsuite hostname="Deepaks-MacBook-Pro.local" name="TestCases.AppTest" tests="1" failures="0" timestamp="30 Aug 2018 18:13:36 GMT" time="17.188" errors="0">
  <testcase name="runTest" time="17.188" classname="TestCases.AppTest"/>
</testsuite> <!-- TestCases.AppTest -->
