<?xml version="1.0" encoding="UTF-8"?>
<!-- Generated by org.testng.reporters.JUnitReportReporter -->
<testsuite hostname="Deepaks-MacBook-Pro.local" name="AutomationDT.AutomationDTWeb.AppTest" tests="1" failures="0" timestamp="29 Aug 2018 15:44:51 GMT" time="7.877" errors="0">
  <testcase name="runTest" time="7.877" classname="AutomationDT.AutomationDTWeb.AppTest"/>
</testsuite> <!-- AutomationDT.AutomationDTWeb.AppTest -->
